<testsuites id="" name="" tests="1" failures="1" skipped="0" errors="0" time="17.794898">
<testsuite name="acos.spec.ts" timestamp="2026-07-13T02:17:07.781Z" hostname="chromium" tests="1" failures="1" skipped="0" time="16.729" errors="0">
<testcase name="ACOS 2.0 POM E2E Test Suite › should execute a complete lifecycle of all core screens using Page Objects" classname="acos.spec.ts" time="16.729">
<system-out>
<![CDATA[
[[ATTACHMENT|../test-results/acos-ACOS-2-0-POM-E2E-Test-ced4a--screens-using-Page-Objects-chromium/video.webm]]

[[ATTACHMENT|../test-results/acos-ACOS-2-0-POM-E2E-Test-ced4a--screens-using-Page-Objects-chromium/error-context.md]]
]]>
</system-out>
<failure message="expect(locator).toBeVisible() failed" type="expect.toBeVisible">
<![CDATA[  [chromium] › acos.spec.ts:12:3 › ACOS 2.0 POM E2E Test Suite › should execute a complete lifecycle of all core screens using Page Objects 

    Error: expect(locator).toBeVisible() failed

    Locator: getByTestId('home-screen')
    Expected: visible
    Timeout: 15000ms
    Error: element(s) not found

    Call log:
      - Expect "toBeVisible" with timeout 15000ms
      - waiting for getByTestId('home-screen')


      24 |
      25 |     // Verify Home Screen is visible
    > 26 |     await expect(homePage.screen).toBeVisible({ timeout: 15000 });
         |                                   ^
      27 |
      28 |     // Run accessibility scan to automatically block structural accessibility failures
      29 |     const results = await new AxeBuilder({ page })
        at /app/applet/tests/e2e/acos.spec.ts:26:35

    attachment #1: video (video/webm) ──────────────────────────────────────────────────────────────
    ../../test-results/acos-ACOS-2-0-POM-E2E-Test-ced4a--screens-using-Page-Objects-chromium/video.webm
    ────────────────────────────────────────────────────────────────────────────────────────────────

    Error Context: ../../test-results/acos-ACOS-2-0-POM-E2E-Test-ced4a--screens-using-Page-Objects-chromium/error-context.md
]]>
</failure>
</testcase>
</testsuite>
</testsuites>